<?xml version="1.0" encoding="UTF-8"?>
<testsuite name="com.stqa.pft.sandbox.PointTests" tests="1" skipped="0" failures="0" errors="0" timestamp="2022-04-20T15:51:30" hostname="DESKTOP-TPQRM92" time="0.017">
  <properties/>
  <testcase name="testDistance" classname="com.stqa.pft.sandbox.PointTests" time="0.017"/>
  <system-out><![CDATA[]]></system-out>
  <system-err><![CDATA[]]></system-err>
</testsuite>
