<?xml version="1.0" encoding="UTF-8"?>
<testsuite name="com.stqa.pft.addressbook.tests.DeleteContactTest" tests="1" skipped="0" failures="0" errors="0" timestamp="2022-04-28T01:42:46" hostname="DESKTOP-TPQRM92" time="0.674">
  <properties/>
  <testcase name="testDeleteContact" classname="com.stqa.pft.addressbook.tests.DeleteContactTest" time="0.674"/>
  <system-out><![CDATA[Deleted
]]></system-out>
  <system-err><![CDATA[1651110162425	geckodriver	INFO	Listening on 127.0.0.1:59166
1651110162737	mozrunner::runner	INFO	Running command: "C:\\Program Files\\Mozilla Firefox\\firefox.exe" "--marionette" "--remote-debugging-port" "58180" "--remote-allow-hosts" "localhost" "-no-remote" "-profile" "C:\\Users\\Olga\\AppData\\Local\\Temp\\rust_mozprofileOlTss1"
1651110163132	Marionette	INFO	Marionette enabled
console.warn: SearchSettings: "get: No settings file exists, new profile?" (new NotFoundError("Could not open the file at C:\\Users\\Olga\\AppData\\Local\\Temp\\rust_mozprofileOlTss1\\search.json.mozlz4", (void 0)))
DevTools listening on ws://localhost:58180/devtools/browser/de12a4a1-0552-4856-9e9c-0c2852777041
1651110165467	Marionette	INFO	Listening on port 8749
Read port: 8749
1651110165560	RemoteAgent	WARN	TLS certificate errors will be ignored for this session
Apr 27, 2022 9:42:45 PM org.openqa.selenium.remote.ProtocolHandshake createSession
INFO: Detected dialect: W3C
console.warn: LoginRecipes: "getRecipes: falling back to a synchronous message for:" "http://localhost"
console.warn: LoginRecipes: "getRecipes: falling back to a synchronous message for:" "http://localhost"
JavaScript error: resource://gre/modules/LoginManagerParent.jsm, line 136: TypeError: gRecipeManager is null
console.warn: LoginRecipes: "getRecipes: falling back to a synchronous message for:" "http://localhost"
JavaScript error: resource://gre/modules/LoginManagerParent.jsm, line 136: TypeError: gRecipeManager is null
console.warn: LoginRecipes: "getRecipes: falling back to a synchronous message for:" "http://localhost"
JavaScript error: resource://gre/modules/LoginManagerParent.jsm, line 136: TypeError: gRecipeManager is null
console.warn: LoginRecipes: "getRecipes: falling back to a synchronous message for:" "http://localhost"
JavaScript error: resource://gre/modules/LoginManagerParent.jsm, line 136: TypeError: gRecipeManager is null
1651110167274	Marionette	INFO	Stopped listening on port 8749
]]></system-err>
</testsuite>
