<?xml version="1.0" encoding="UTF-8"?>
<testsuite name="com.stqa.pft.addressbook.GroupCreationTest" tests="1" skipped="0" failures="0" errors="0" timestamp="2022-04-20T17:06:58" hostname="DESKTOP-TPQRM92" time="1.1">
  <properties/>
  <testcase name="testGroupCreation" classname="com.stqa.pft.addressbook.GroupCreationTest" time="1.1"/>
  <system-out><![CDATA[]]></system-out>
  <system-err><![CDATA[1650474415023	geckodriver	INFO	Listening on 127.0.0.1:62551
1650474415253	mozrunner::runner	INFO	Running command: "C:\\Program Files\\Mozilla Firefox\\firefox.exe" "--marionette" "--remote-debugging-port" "55280" "--remote-allow-hosts" "localhost" "-no-remote" "-profile" "C:\\Users\\Olga\\AppData\\Local\\Temp\\rust_mozprofileWPBaxU"
1650474415552	Marionette	INFO	Marionette enabled
console.warn: SearchSettings: "get: No settings file exists, new profile?" (new NotFoundError("Could not open the file at C:\\Users\\Olga\\AppData\\Local\\Temp\\rust_mozprofileWPBaxU\\search.json.mozlz4", (void 0)))
DevTools listening on ws://localhost:55280/devtools/browser/3420a19f-689b-4890-aa06-c177a172ff15
1650474417742	Marionette	INFO	Listening on port 11482
Read port: 11482
1650474417814	RemoteAgent	WARN	TLS certificate errors will be ignored for this session
Apr 20, 2022 1:06:57 PM org.openqa.selenium.remote.ProtocolHandshake createSession
INFO: Detected dialect: W3C
console.warn: LoginRecipes: "getRecipes: falling back to a synchronous message for:" "http://localhost"
console.warn: LoginRecipes: "getRecipes: falling back to a synchronous message for:" "http://localhost"
JavaScript error: resource://gre/modules/LoginManagerParent.jsm, line 136: TypeError: gRecipeManager is null
console.warn: LoginRecipes: "getRecipes: falling back to a synchronous message for:" "http://localhost"
JavaScript error: resource://gre/modules/LoginManagerParent.jsm, line 136: TypeError: gRecipeManager is null
console.warn: LoginRecipes: "getRecipes: falling back to a synchronous message for:" "http://localhost"
JavaScript error: resource://gre/modules/LoginManagerParent.jsm, line 136: TypeError: gRecipeManager is null
console.warn: LoginRecipes: "getRecipes: falling back to a synchronous message for:" "http://localhost"
JavaScript error: resource://gre/modules/LoginManagerParent.jsm, line 136: TypeError: gRecipeManager is null
console.warn: LoginRecipes: "getRecipes: falling back to a synchronous message for:" "http://localhost"
JavaScript error: resource://gre/modules/LoginManagerParent.jsm, line 136: TypeError: gRecipeManager is null
console.warn: LoginRecipes: "getRecipes: falling back to a synchronous message for:" "http://localhost"
JavaScript error: resource://gre/modules/LoginManagerParent.jsm, line 136: TypeError: gRecipeManager is null
]]></system-err>
</testsuite>
