<?xml version="1.0" encoding="UTF-8"?>
<testsuite name="com.stqa.pft.addressbook.CreateNewContactTest" tests="1" skipped="0" failures="0" errors="0" timestamp="2022-04-28T02:14:41" hostname="DESKTOP-TPQRM92" time="2.089">
  <properties/>
  <testcase name="testCreateNewContact" classname="com.stqa.pft.addressbook.CreateNewContactTest" time="2.089"/>
  <system-out><![CDATA[]]></system-out>
  <system-err><![CDATA[1651112078714	geckodriver	INFO	Listening on 127.0.0.1:59814
1651112078959	mozrunner::runner	INFO	Running command: "C:\\Program Files\\Mozilla Firefox\\firefox.exe" "--marionette" "--remote-debugging-port" "49520" "--remote-allow-hosts" "localhost" "-no-remote" "-profile" "C:\\Users\\Olga\\AppData\\Local\\Temp\\rust_mozprofilehf0WsM"
1651112079332	Marionette	INFO	Marionette enabled
console.warn: SearchSettings: "get: No settings file exists, new profile?" (new NotFoundError("Could not open the file at C:\\Users\\Olga\\AppData\\Local\\Temp\\rust_mozprofilehf0WsM\\search.json.mozlz4", (void 0)))
DevTools listening on ws://localhost:49520/devtools/browser/32901cd4-2e16-4534-9180-f20fd619de19
1651112081729	Marionette	INFO	Listening on port 4068
Read port: 4068
1651112081757	RemoteAgent	WARN	TLS certificate errors will be ignored for this session
Apr 27, 2022 10:14:41 PM org.openqa.selenium.remote.ProtocolHandshake createSession
INFO: Detected dialect: W3C
console.warn: LoginRecipes: "getRecipes: falling back to a synchronous message for:" "http://localhost"
console.warn: LoginRecipes: "getRecipes: falling back to a synchronous message for:" "http://localhost"
JavaScript error: resource://gre/modules/LoginManagerParent.jsm, line 136: TypeError: gRecipeManager is null
console.warn: LoginRecipes: "getRecipes: falling back to a synchronous message for:" "http://localhost"
JavaScript error: resource://gre/modules/LoginManagerParent.jsm, line 136: TypeError: gRecipeManager is null
console.warn: LoginRecipes: "getRecipes: falling back to a synchronous message for:" "http://localhost"
JavaScript error: resource://gre/modules/LoginManagerParent.jsm, line 136: TypeError: gRecipeManager is null
console.warn: LoginRecipes: "getRecipes: falling back to a synchronous message for:" "http://localhost"
JavaScript error: resource://gre/modules/LoginManagerParent.jsm, line 136: TypeError: gRecipeManager is null
]]></system-err>
</testsuite>
