<?xml version="1.0" encoding="UTF-8"?>
<testsuite name="com.stqa.pft.addressbook.tests.GroupModificationTests" tests="1" skipped="0" failures="0" errors="0" timestamp="2022-05-10T04:51:18" hostname="DESKTOP-TPQRM92" time="0.849">
  <properties/>
  <testcase name="testGroupModification" classname="com.stqa.pft.addressbook.tests.GroupModificationTests" time="0.849"/>
  <system-out><![CDATA[]]></system-out>
  <system-err><![CDATA[Starting MSEdgeDriver 101.0.1210.32 (f7af80761c68124fe8e0fff52a5918d20448c1a4) on port 60309
Only local connections are allowed.
Please see https://chromedriver.chromium.org/security-considerations for suggestions on keeping MSEdgeDriver safe.
MSEdgeDriver was started successfully.
May 10, 2022 12:51:17 AM org.openqa.selenium.remote.ProtocolHandshake createSession
INFO: Detected dialect: W3C
May 10, 2022 12:51:18 AM org.openqa.selenium.devtools.CdpVersionFinder findNearestMatch
WARNING: Unable to find an exact match for CDP version 101, so returning the closest version found: 99
May 10, 2022 12:51:18 AM org.openqa.selenium.devtools.CdpVersionFinder findNearestMatch
INFO: Found CDP implementation for version 101 of 99
]]></system-err>
</testsuite>
